<?xml version="1.0" encoding="UTF-8"?>
<testsuite name="ru.stqa.pft.addressbook.tests.GroupDeletionTests" tests="1" skipped="0" failures="0" errors="0" timestamp="2017-07-20T16:29:53" hostname="HOMETWO" time="2.484">
  <properties/>
  <testcase name="testsGroupDeletion" classname="ru.stqa.pft.addressbook.tests.GroupDeletionTests" time="2.484"/>
  <system-out><![CDATA[]]></system-out>
  <system-err><![CDATA[]]></system-err>
</testsuite>
