<?xml version="1.0" encoding="UTF-8"?>
<testsuite name="ru.stqa.pft.addressbook.tests.ContactDeletionTests" tests="1" skipped="0" failures="0" errors="0" timestamp="2017-07-20T16:26:50" hostname="HOMETWO" time="19.105">
  <properties/>
  <testcase name="testsContactDeletion" classname="ru.stqa.pft.addressbook.tests.ContactDeletionTests" time="19.105"/>
  <system-out><![CDATA[]]></system-out>
  <system-err><![CDATA[]]></system-err>
</testsuite>
