<?xml version="1.0" encoding="UTF-8"?>
<testsuite name="ru.stqa.pft.addressbook.tests.GroupCreationTests" tests="4" skipped="0" failures="0" errors="0" timestamp="2017-07-20T16:29:33" hostname="HOMETWO" time="15.99">
  <properties/>
  <testcase name="testsBadGroupCreation" classname="ru.stqa.pft.addressbook.tests.GroupCreationTests" time="5.231"/>
  <testcase name="testsGroupCreation[0](GroupData{id=0, name='test 0'})" classname="ru.stqa.pft.addressbook.tests.GroupCreationTests" time="3.823"/>
  <testcase name="testsGroupCreation[1](GroupData{id=0, name='test 1'})" classname="ru.stqa.pft.addressbook.tests.GroupCreationTests" time="3.359"/>
  <testcase name="testsGroupCreation[2](GroupData{id=0, name='test 2'})" classname="ru.stqa.pft.addressbook.tests.GroupCreationTests" time="3.425"/>
  <system-out><![CDATA[]]></system-out>
  <system-err><![CDATA[]]></system-err>
</testsuite>
